2015-01-25 01:29:32,312 [Worker-0] INFO  o.e.m.c.i.l.LifecycleMappingFactory - Using org.maven.ide.eclipse.wtp.WarLifecycleMapping lifecycle mapping for MavenProject: sportaholic-adm:sportaholic-adm:0.0.1-SNAPSHOT @ /home/luizyamaoka/workspace/sportaholic/sportaholic-adm/pom.xml.
2015-01-25 01:29:32,312 [Worker-3] INFO  o.e.m.c.i.l.LifecycleMappingFactory - Using org.maven.ide.eclipse.wtp.WarLifecycleMapping lifecycle mapping for MavenProject: sportaholic-adm:sportaholic-adm:0.0.1-SNAPSHOT @ /home/luizyamaoka/workspace/sportaholic/sportaholic-adm/pom.xml.
2015-01-25 01:29:32,351 [Worker-0] WARN  o.e.m.c.i.embedder.EclipseLogger - The POM for sportaholic-core:sportaholic-core:jar:0.0.1-SNAPSHOT is missing, no dependency information available
2015-01-25 01:29:32,354 [Worker-3] WARN  o.e.m.c.i.embedder.EclipseLogger - The POM for sportaholic-core:sportaholic-core:jar:0.0.1-SNAPSHOT is missing, no dependency information available
2015-01-25 01:29:37,298 [Worker-3] WARN  o.e.m.c.i.embedder.EclipseLogger - The POM for sportaholic-core:sportaholic-core:jar:0.0.1-SNAPSHOT is missing, no dependency information available
2015-01-25 01:29:42,311 [Worker-3] WARN  o.e.m.c.i.embedder.EclipseLogger - Using platform encoding (UTF-8 actually) to copy filtered resources, i.e. build is platform dependent!
2015-01-25 01:29:42,341 [Worker-3] INFO  o.e.m.c.i.embedder.EclipseLogger - Copying 3 resources
2015-01-25 01:29:42,371 [Worker-3] WARN  o.e.m.c.i.embedder.EclipseLogger - Using platform encoding (UTF-8 actually) to copy filtered resources, i.e. build is platform dependent!
2015-01-25 01:29:42,371 [Worker-3] INFO  o.e.m.c.i.embedder.EclipseLogger - skip non existing resourceDirectory /home/luizyamaoka/workspace/sportaholic/sportaholic-adm/src/test/resources
2015-01-25 01:29:42,727 [Worker-8] INFO  o.e.m.c.i.l.LifecycleMappingFactory - Using org.maven.ide.eclipse.wtp.WarLifecycleMapping lifecycle mapping for MavenProject: sportaholic-adm:sportaholic-adm:0.0.1-SNAPSHOT @ /home/luizyamaoka/workspace/sportaholic/sportaholic-adm/pom.xml.
2015-01-25 01:29:42,752 [Worker-8] WARN  o.e.m.c.i.embedder.EclipseLogger - The POM for sportaholic-core:sportaholic-core:jar:0.0.1-SNAPSHOT is missing, no dependency information available
2015-01-25 01:29:44,158 [Worker-8] INFO  o.e.m.c.i.l.LifecycleMappingFactory - Using org.maven.ide.eclipse.wtp.WarLifecycleMapping lifecycle mapping for MavenProject: sportaholic-adm:sportaholic-adm:0.0.1-SNAPSHOT @ /home/luizyamaoka/workspace/sportaholic/sportaholic-adm/pom.xml.
2015-01-25 01:29:44,470 [Worker-8] WARN  o.e.m.c.i.embedder.EclipseLogger - The POM for sportaholic-core:sportaholic-core:jar:0.0.1-SNAPSHOT is missing, no dependency information available
2015-01-25 01:29:47,031 [Worker-2] INFO  o.e.m.c.i.l.LifecycleMappingFactory - Using org.eclipse.m2e.jdt.JarLifecycleMapping lifecycle mapping for MavenProject: sportaholic-core:sportaholic-core:0.0.1-SNAPSHOT @ /home/luizyamaoka/workspace/sportaholic/sportaholic-core/pom.xml.
2015-01-25 01:29:48,407 [Worker-2] INFO  o.e.m.c.i.l.LifecycleMappingFactory - Using org.maven.ide.eclipse.wtp.WarLifecycleMapping lifecycle mapping for MavenProject: sportaholic-adm:sportaholic-adm:0.0.1-SNAPSHOT @ /home/luizyamaoka/workspace/sportaholic/sportaholic-adm/pom.xml.
2015-01-25 01:29:54,959 [Worker-7] WARN  o.e.m.c.i.embedder.EclipseLogger - Using platform encoding (UTF-8 actually) to copy filtered resources, i.e. build is platform dependent!
2015-01-25 01:29:54,966 [Worker-7] INFO  o.e.m.c.i.embedder.EclipseLogger - skip non existing resourceDirectory /home/luizyamaoka/workspace/sportaholic/sportaholic-core/src/main/resources
2015-01-25 01:29:54,967 [Worker-7] WARN  o.e.m.c.i.embedder.EclipseLogger - Using platform encoding (UTF-8 actually) to copy filtered resources, i.e. build is platform dependent!
2015-01-25 01:29:54,970 [Worker-7] INFO  o.e.m.c.i.embedder.EclipseLogger - skip non existing resourceDirectory /home/luizyamaoka/workspace/sportaholic/sportaholic-core/src/test/resources
2015-01-25 01:29:55,609 [Worker-7] WARN  o.e.m.c.i.embedder.EclipseLogger - Using platform encoding (UTF-8 actually) to copy filtered resources, i.e. build is platform dependent!
2015-01-25 01:29:55,639 [Worker-7] INFO  o.e.m.c.i.embedder.EclipseLogger - Copying 3 resources
2015-01-25 01:29:55,655 [Worker-7] WARN  o.e.m.c.i.embedder.EclipseLogger - Using platform encoding (UTF-8 actually) to copy filtered resources, i.e. build is platform dependent!
2015-01-25 01:29:55,657 [Worker-7] INFO  o.e.m.c.i.embedder.EclipseLogger - skip non existing resourceDirectory /home/luizyamaoka/workspace/sportaholic/sportaholic-adm/src/test/resources
2015-01-25 01:30:00,556 [Worker-7] INFO  o.e.m.c.i.l.LifecycleMappingFactory - Using org.maven.ide.eclipse.wtp.WarLifecycleMapping lifecycle mapping for MavenProject: sportaholic-site:sportaholic-site:0.0.1-SNAPSHOT @ /home/luizyamaoka/workspace/sportaholic/sportaholic-site/pom.xml.
2015-01-25 01:30:02,142 [Worker-7] WARN  o.e.m.c.i.embedder.EclipseLogger - Using platform encoding (UTF-8 actually) to copy filtered resources, i.e. build is platform dependent!
2015-01-25 01:30:02,146 [Worker-7] INFO  o.e.m.c.i.embedder.EclipseLogger - Copying 3 resources
2015-01-25 01:30:02,148 [Worker-7] WARN  o.e.m.c.i.embedder.EclipseLogger - Using platform encoding (UTF-8 actually) to copy filtered resources, i.e. build is platform dependent!
2015-01-25 01:30:02,148 [Worker-7] INFO  o.e.m.c.i.embedder.EclipseLogger - skip non existing resourceDirectory /home/luizyamaoka/workspace/sportaholic/sportaholic-site/src/test/resources
2015-01-25 01:30:02,512 [Worker-10] INFO  o.e.m.c.i.l.LifecycleMappingFactory - Using org.maven.ide.eclipse.wtp.WarLifecycleMapping lifecycle mapping for MavenProject: sportaholic-site:sportaholic-site:0.0.1-SNAPSHOT @ /home/luizyamaoka/workspace/sportaholic/sportaholic-site/pom.xml.
2015-01-25 01:30:17,174 [Worker-6] WARN  o.e.m.c.i.embedder.EclipseLogger - Using platform encoding (UTF-8 actually) to copy filtered resources, i.e. build is platform dependent!
2015-01-25 01:30:17,183 [Worker-6] INFO  o.e.m.c.i.embedder.EclipseLogger - Copying 3 resources
2015-01-25 01:30:17,184 [Worker-6] WARN  o.e.m.c.i.embedder.EclipseLogger - Using platform encoding (UTF-8 actually) to copy filtered resources, i.e. build is platform dependent!
2015-01-25 01:30:17,185 [Worker-6] INFO  o.e.m.c.i.embedder.EclipseLogger - skip non existing resourceDirectory /home/luizyamaoka/workspace/sportaholic/sportaholic-site/src/test/resources
2015-01-25 01:30:44,424 [Worker-7] WARN  o.e.m.c.i.embedder.EclipseLogger - Using platform encoding (UTF-8 actually) to copy filtered resources, i.e. build is platform dependent!
2015-01-25 01:30:44,425 [Worker-7] INFO  o.e.m.c.i.embedder.EclipseLogger - Copying 3 resources
2015-01-25 01:30:44,437 [Worker-7] WARN  o.e.m.c.i.embedder.EclipseLogger - Using platform encoding (UTF-8 actually) to copy filtered resources, i.e. build is platform dependent!
2015-01-25 01:30:44,438 [Worker-7] INFO  o.e.m.c.i.embedder.EclipseLogger - skip non existing resourceDirectory /home/luizyamaoka/workspace/sportaholic/sportaholic-adm/src/test/resources
2015-01-25 01:31:33,709 [Worker-7] INFO  o.e.m.c.i.p.ProjectConfigurationManager - Update started
2015-01-25 01:31:34,057 [Worker-7] INFO  o.e.m.c.i.l.LifecycleMappingFactory - Using org.maven.ide.eclipse.wtp.WarLifecycleMapping lifecycle mapping for MavenProject: sportaholic-adm:sportaholic-adm:0.0.1-SNAPSHOT @ /home/luizyamaoka/workspace/sportaholic/sportaholic-adm/pom.xml.
2015-01-25 01:31:34,141 [Worker-7] INFO  o.e.m.c.i.l.LifecycleMappingFactory - Using org.eclipse.m2e.jdt.JarLifecycleMapping lifecycle mapping for MavenProject: sportaholic-core:sportaholic-core:0.0.1-SNAPSHOT @ /home/luizyamaoka/workspace/sportaholic/sportaholic-core/pom.xml.
2015-01-25 01:31:34,169 [Worker-7] INFO  o.e.m.c.i.l.LifecycleMappingFactory - Using org.maven.ide.eclipse.wtp.WarLifecycleMapping lifecycle mapping for MavenProject: sportaholic-site:sportaholic-site:0.0.1-SNAPSHOT @ /home/luizyamaoka/workspace/sportaholic/sportaholic-site/pom.xml.
2015-01-25 01:31:34,947 [Worker-7] INFO  o.e.m.j.i.AbstractJavaProjectConfigurator - Adding source folder /sportaholic-adm/src/main/java
2015-01-25 01:31:34,947 [Worker-7] INFO  o.e.m.j.i.AbstractJavaProjectConfigurator - Resources folder /sportaholic-adm/src/main/resources overlaps with sources folder /sportaholic-adm/src/main/resources
2015-01-25 01:31:34,948 [Worker-7] INFO  o.e.m.j.i.AbstractJavaProjectConfigurator - Adding source folder /sportaholic-adm/src/test/java
2015-01-25 01:31:36,381 [Worker-7] INFO  o.e.m.j.i.AbstractJavaProjectConfigurator - Adding source folder /sportaholic-core/src/java/main
2015-01-25 01:31:36,381 [Worker-7] INFO  o.e.m.j.i.AbstractJavaProjectConfigurator - Adding source folder /sportaholic-core/src/test/java
2015-01-25 01:31:36,581 [Worker-7] INFO  o.e.m.j.i.AbstractJavaProjectConfigurator - Adding source folder /sportaholic-site/src/main/java
2015-01-25 01:31:36,581 [Worker-7] INFO  o.e.m.j.i.AbstractJavaProjectConfigurator - Resources folder /sportaholic-site/src/main/resources overlaps with sources folder /sportaholic-site/src/main/resources
2015-01-25 01:31:36,590 [Worker-7] INFO  o.e.m.j.i.AbstractJavaProjectConfigurator - Adding source folder /sportaholic-site/src/test/java
2015-01-25 01:31:37,345 [Worker-7] INFO  o.e.m.c.i.l.LifecycleMappingFactory - Using org.maven.ide.eclipse.wtp.WarLifecycleMapping lifecycle mapping for MavenProject: sportaholic-adm:sportaholic-adm:0.0.1-SNAPSHOT @ /home/luizyamaoka/workspace/sportaholic/sportaholic-adm/pom.xml.
2015-01-25 01:31:38,019 [Worker-7] INFO  o.e.m.w.i.f.ResourceFilteringBuildParticipant - Cleaning filtered folder for sportaholic-adm
2015-01-25 01:31:38,178 [Worker-7] INFO  o.e.m.c.i.l.LifecycleMappingFactory - Using org.eclipse.m2e.jdt.JarLifecycleMapping lifecycle mapping for MavenProject: sportaholic-core:sportaholic-core:0.0.1-SNAPSHOT @ /home/luizyamaoka/workspace/sportaholic/sportaholic-core/pom.xml.
2015-01-25 01:31:38,449 [Worker-7] INFO  o.e.m.c.i.l.LifecycleMappingFactory - Using org.maven.ide.eclipse.wtp.WarLifecycleMapping lifecycle mapping for MavenProject: sportaholic-site:sportaholic-site:0.0.1-SNAPSHOT @ /home/luizyamaoka/workspace/sportaholic/sportaholic-site/pom.xml.
2015-01-25 01:31:39,124 [Worker-7] INFO  o.e.m.w.i.f.ResourceFilteringBuildParticipant - Cleaning filtered folder for sportaholic-site
2015-01-25 01:31:39,130 [Worker-7] INFO  o.e.m.c.i.p.ProjectConfigurationManager - Update completed: 5 sec
2015-01-25 01:31:40,782 [Worker-11] WARN  o.e.m.c.i.embedder.EclipseLogger - Using platform encoding (UTF-8 actually) to copy filtered resources, i.e. build is platform dependent!
2015-01-25 01:31:40,783 [Worker-11] INFO  o.e.m.c.i.embedder.EclipseLogger - skip non existing resourceDirectory /home/luizyamaoka/workspace/sportaholic/sportaholic-core/src/main/resources
2015-01-25 01:31:40,784 [Worker-11] WARN  o.e.m.c.i.embedder.EclipseLogger - Using platform encoding (UTF-8 actually) to copy filtered resources, i.e. build is platform dependent!
2015-01-25 01:31:40,784 [Worker-11] INFO  o.e.m.c.i.embedder.EclipseLogger - skip non existing resourceDirectory /home/luizyamaoka/workspace/sportaholic/sportaholic-core/src/test/resources
2015-01-25 01:31:41,297 [Worker-11] WARN  o.e.m.c.i.embedder.EclipseLogger - Using platform encoding (UTF-8 actually) to copy filtered resources, i.e. build is platform dependent!
2015-01-25 01:31:41,306 [Worker-11] INFO  o.e.m.c.i.embedder.EclipseLogger - Copying 3 resources
2015-01-25 01:31:41,320 [Worker-11] WARN  o.e.m.c.i.embedder.EclipseLogger - Using platform encoding (UTF-8 actually) to copy filtered resources, i.e. build is platform dependent!
2015-01-25 01:31:41,320 [Worker-11] INFO  o.e.m.c.i.embedder.EclipseLogger - skip non existing resourceDirectory /home/luizyamaoka/workspace/sportaholic/sportaholic-adm/src/test/resources
2015-01-25 01:31:41,589 [Worker-17] WARN  o.e.m.c.i.embedder.EclipseLogger - Using platform encoding (UTF-8 actually) to copy filtered resources, i.e. build is platform dependent!
2015-01-25 01:31:41,589 [Worker-17] INFO  o.e.m.c.i.embedder.EclipseLogger - skip non existing resourceDirectory /home/luizyamaoka/workspace/sportaholic/sportaholic-core/src/main/resources
2015-01-25 01:31:41,590 [Worker-17] WARN  o.e.m.c.i.embedder.EclipseLogger - Using platform encoding (UTF-8 actually) to copy filtered resources, i.e. build is platform dependent!
2015-01-25 01:31:41,590 [Worker-17] INFO  o.e.m.c.i.embedder.EclipseLogger - skip non existing resourceDirectory /home/luizyamaoka/workspace/sportaholic/sportaholic-core/src/test/resources
2015-01-25 01:31:41,652 [Worker-17] WARN  o.e.m.c.i.embedder.EclipseLogger - Using platform encoding (UTF-8 actually) to copy filtered resources, i.e. build is platform dependent!
2015-01-25 01:31:41,656 [Worker-17] INFO  o.e.m.c.i.embedder.EclipseLogger - Copying 0 resource
2015-01-25 01:31:41,670 [Worker-17] WARN  o.e.m.c.i.embedder.EclipseLogger - Using platform encoding (UTF-8 actually) to copy filtered resources, i.e. build is platform dependent!
2015-01-25 01:31:41,670 [Worker-17] INFO  o.e.m.c.i.embedder.EclipseLogger - skip non existing resourceDirectory /home/luizyamaoka/workspace/sportaholic/sportaholic-adm/src/test/resources
2015-01-25 01:31:42,980 [Worker-13] WARN  o.e.m.c.i.embedder.EclipseLogger - Using platform encoding (UTF-8 actually) to copy filtered resources, i.e. build is platform dependent!
2015-01-25 01:31:42,998 [Worker-13] INFO  o.e.m.c.i.embedder.EclipseLogger - Copying 3 resources
2015-01-25 01:31:43,003 [Worker-13] WARN  o.e.m.c.i.embedder.EclipseLogger - Using platform encoding (UTF-8 actually) to copy filtered resources, i.e. build is platform dependent!
2015-01-25 01:31:43,003 [Worker-13] INFO  o.e.m.c.i.embedder.EclipseLogger - skip non existing resourceDirectory /home/luizyamaoka/workspace/sportaholic/sportaholic-site/src/test/resources
2015-01-25 01:32:33,423 [Worker-12] WARN  o.e.m.c.i.embedder.EclipseLogger - Using platform encoding (UTF-8 actually) to copy filtered resources, i.e. build is platform dependent!
2015-01-25 01:32:33,423 [Worker-12] INFO  o.e.m.c.i.embedder.EclipseLogger - Copying 0 resource
2015-01-25 01:32:33,425 [Worker-12] WARN  o.e.m.c.i.embedder.EclipseLogger - Using platform encoding (UTF-8 actually) to copy filtered resources, i.e. build is platform dependent!
2015-01-25 01:32:33,425 [Worker-12] INFO  o.e.m.c.i.embedder.EclipseLogger - skip non existing resourceDirectory /home/luizyamaoka/workspace/sportaholic/sportaholic-site/src/test/resources
2015-01-25 01:33:53,445 [Worker-10] WARN  o.e.m.c.i.embedder.EclipseLogger - Using platform encoding (UTF-8 actually) to copy filtered resources, i.e. build is platform dependent!
2015-01-25 01:33:53,451 [Worker-10] INFO  o.e.m.c.i.embedder.EclipseLogger - Copying 1 resource
2015-01-25 01:33:53,452 [Worker-10] WARN  o.e.m.c.i.embedder.EclipseLogger - Using platform encoding (UTF-8 actually) to copy filtered resources, i.e. build is platform dependent!
2015-01-25 01:33:53,452 [Worker-10] INFO  o.e.m.c.i.embedder.EclipseLogger - skip non existing resourceDirectory /home/luizyamaoka/workspace/sportaholic/sportaholic-site/src/test/resources
2015-01-25 01:34:01,287 [Worker-4] WARN  o.e.m.c.i.embedder.EclipseLogger - Using platform encoding (UTF-8 actually) to copy filtered resources, i.e. build is platform dependent!
2015-01-25 01:34:01,287 [Worker-4] INFO  o.e.m.c.i.embedder.EclipseLogger - Copying 1 resource
2015-01-25 01:34:01,289 [Worker-4] WARN  o.e.m.c.i.embedder.EclipseLogger - Using platform encoding (UTF-8 actually) to copy filtered resources, i.e. build is platform dependent!
2015-01-25 01:34:01,289 [Worker-4] INFO  o.e.m.c.i.embedder.EclipseLogger - skip non existing resourceDirectory /home/luizyamaoka/workspace/sportaholic/sportaholic-site/src/test/resources
2015-01-25 01:49:03,303 [Worker-12] WARN  o.e.m.c.i.embedder.EclipseLogger - Using platform encoding (UTF-8 actually) to copy filtered resources, i.e. build is platform dependent!
2015-01-25 01:49:03,304 [Worker-12] INFO  o.e.m.c.i.embedder.EclipseLogger - skip non existing resourceDirectory /home/luizyamaoka/workspace/sportaholic/sportaholic-core/src/main/resources
2015-01-25 01:49:03,305 [Worker-12] WARN  o.e.m.c.i.embedder.EclipseLogger - Using platform encoding (UTF-8 actually) to copy filtered resources, i.e. build is platform dependent!
2015-01-25 01:49:03,305 [Worker-12] INFO  o.e.m.c.i.embedder.EclipseLogger - skip non existing resourceDirectory /home/luizyamaoka/workspace/sportaholic/sportaholic-core/src/test/resources
2015-01-25 01:49:13,120 [Worker-18] WARN  o.e.m.c.i.embedder.EclipseLogger - Using platform encoding (UTF-8 actually) to copy filtered resources, i.e. build is platform dependent!
2015-01-25 01:49:13,120 [Worker-18] INFO  o.e.m.c.i.embedder.EclipseLogger - skip non existing resourceDirectory /home/luizyamaoka/workspace/sportaholic/sportaholic-core/src/main/resources
2015-01-25 01:49:13,138 [Worker-18] WARN  o.e.m.c.i.embedder.EclipseLogger - Using platform encoding (UTF-8 actually) to copy filtered resources, i.e. build is platform dependent!
2015-01-25 01:49:13,142 [Worker-18] INFO  o.e.m.c.i.embedder.EclipseLogger - skip non existing resourceDirectory /home/luizyamaoka/workspace/sportaholic/sportaholic-core/src/test/resources
2015-01-25 01:49:21,885 [Worker-18] WARN  o.e.m.c.i.embedder.EclipseLogger - Using platform encoding (UTF-8 actually) to copy filtered resources, i.e. build is platform dependent!
2015-01-25 01:49:21,889 [Worker-18] INFO  o.e.m.c.i.embedder.EclipseLogger - skip non existing resourceDirectory /home/luizyamaoka/workspace/sportaholic/sportaholic-core/src/main/resources
2015-01-25 01:49:21,890 [Worker-18] WARN  o.e.m.c.i.embedder.EclipseLogger - Using platform encoding (UTF-8 actually) to copy filtered resources, i.e. build is platform dependent!
2015-01-25 01:49:21,901 [Worker-18] INFO  o.e.m.c.i.embedder.EclipseLogger - skip non existing resourceDirectory /home/luizyamaoka/workspace/sportaholic/sportaholic-core/src/test/resources
2015-01-25 01:49:31,999 [Worker-12] WARN  o.e.m.c.i.embedder.EclipseLogger - Using platform encoding (UTF-8 actually) to copy filtered resources, i.e. build is platform dependent!
2015-01-25 01:49:31,999 [Worker-12] INFO  o.e.m.c.i.embedder.EclipseLogger - skip non existing resourceDirectory /home/luizyamaoka/workspace/sportaholic/sportaholic-core/src/main/resources
2015-01-25 01:49:32,000 [Worker-12] WARN  o.e.m.c.i.embedder.EclipseLogger - Using platform encoding (UTF-8 actually) to copy filtered resources, i.e. build is platform dependent!
2015-01-25 01:49:32,001 [Worker-12] INFO  o.e.m.c.i.embedder.EclipseLogger - skip non existing resourceDirectory /home/luizyamaoka/workspace/sportaholic/sportaholic-core/src/test/resources
2015-01-25 01:50:37,253 [Worker-19] WARN  o.e.m.c.i.embedder.EclipseLogger - Using platform encoding (UTF-8 actually) to copy filtered resources, i.e. build is platform dependent!
2015-01-25 01:50:37,260 [Worker-19] INFO  o.e.m.c.i.embedder.EclipseLogger - skip non existing resourceDirectory /home/luizyamaoka/workspace/sportaholic/sportaholic-core/src/main/resources
2015-01-25 01:50:37,261 [Worker-19] WARN  o.e.m.c.i.embedder.EclipseLogger - Using platform encoding (UTF-8 actually) to copy filtered resources, i.e. build is platform dependent!
2015-01-25 01:50:37,262 [Worker-19] INFO  o.e.m.c.i.embedder.EclipseLogger - skip non existing resourceDirectory /home/luizyamaoka/workspace/sportaholic/sportaholic-core/src/test/resources
2015-01-25 01:50:55,536 [Worker-14] WARN  o.e.m.c.i.embedder.EclipseLogger - Using platform encoding (UTF-8 actually) to copy filtered resources, i.e. build is platform dependent!
2015-01-25 01:50:55,538 [Worker-14] INFO  o.e.m.c.i.embedder.EclipseLogger - skip non existing resourceDirectory /home/luizyamaoka/workspace/sportaholic/sportaholic-core/src/main/resources
2015-01-25 01:50:55,539 [Worker-14] WARN  o.e.m.c.i.embedder.EclipseLogger - Using platform encoding (UTF-8 actually) to copy filtered resources, i.e. build is platform dependent!
2015-01-25 01:50:55,539 [Worker-14] INFO  o.e.m.c.i.embedder.EclipseLogger - skip non existing resourceDirectory /home/luizyamaoka/workspace/sportaholic/sportaholic-core/src/test/resources
2015-01-25 01:51:23,113 [Worker-19] WARN  o.e.m.c.i.embedder.EclipseLogger - Using platform encoding (UTF-8 actually) to copy filtered resources, i.e. build is platform dependent!
2015-01-25 01:51:23,113 [Worker-19] INFO  o.e.m.c.i.embedder.EclipseLogger - skip non existing resourceDirectory /home/luizyamaoka/workspace/sportaholic/sportaholic-core/src/main/resources
2015-01-25 01:51:23,114 [Worker-19] WARN  o.e.m.c.i.embedder.EclipseLogger - Using platform encoding (UTF-8 actually) to copy filtered resources, i.e. build is platform dependent!
2015-01-25 01:51:23,114 [Worker-19] INFO  o.e.m.c.i.embedder.EclipseLogger - skip non existing resourceDirectory /home/luizyamaoka/workspace/sportaholic/sportaholic-core/src/test/resources
2015-01-25 01:51:33,715 [Worker-19] WARN  o.e.m.c.i.embedder.EclipseLogger - Using platform encoding (UTF-8 actually) to copy filtered resources, i.e. build is platform dependent!
2015-01-25 01:51:33,723 [Worker-19] INFO  o.e.m.c.i.embedder.EclipseLogger - skip non existing resourceDirectory /home/luizyamaoka/workspace/sportaholic/sportaholic-core/src/main/resources
2015-01-25 01:51:33,755 [Worker-19] WARN  o.e.m.c.i.embedder.EclipseLogger - Using platform encoding (UTF-8 actually) to copy filtered resources, i.e. build is platform dependent!
2015-01-25 01:51:33,759 [Worker-19] INFO  o.e.m.c.i.embedder.EclipseLogger - skip non existing resourceDirectory /home/luizyamaoka/workspace/sportaholic/sportaholic-core/src/test/resources
2015-01-25 01:51:35,144 [Worker-23] WARN  o.e.m.c.i.embedder.EclipseLogger - Using platform encoding (UTF-8 actually) to copy filtered resources, i.e. build is platform dependent!
2015-01-25 01:51:35,145 [Worker-23] INFO  o.e.m.c.i.embedder.EclipseLogger - Copying 0 resource
2015-01-25 01:51:35,146 [Worker-23] WARN  o.e.m.c.i.embedder.EclipseLogger - Using platform encoding (UTF-8 actually) to copy filtered resources, i.e. build is platform dependent!
2015-01-25 01:51:35,146 [Worker-23] INFO  o.e.m.c.i.embedder.EclipseLogger - skip non existing resourceDirectory /home/luizyamaoka/workspace/sportaholic/sportaholic-site/src/test/resources
2015-01-25 01:51:41,989 [Worker-14] WARN  o.e.m.c.i.embedder.EclipseLogger - Using platform encoding (UTF-8 actually) to copy filtered resources, i.e. build is platform dependent!
2015-01-25 01:51:42,005 [Worker-14] INFO  o.e.m.c.i.embedder.EclipseLogger - skip non existing resourceDirectory /home/luizyamaoka/workspace/sportaholic/sportaholic-core/src/main/resources
2015-01-25 01:51:42,007 [Worker-14] WARN  o.e.m.c.i.embedder.EclipseLogger - Using platform encoding (UTF-8 actually) to copy filtered resources, i.e. build is platform dependent!
2015-01-25 01:51:42,007 [Worker-14] INFO  o.e.m.c.i.embedder.EclipseLogger - skip non existing resourceDirectory /home/luizyamaoka/workspace/sportaholic/sportaholic-core/src/test/resources
2015-01-25 01:51:49,004 [Worker-14] WARN  o.e.m.c.i.embedder.EclipseLogger - Using platform encoding (UTF-8 actually) to copy filtered resources, i.e. build is platform dependent!
2015-01-25 01:51:49,005 [Worker-14] INFO  o.e.m.c.i.embedder.EclipseLogger - skip non existing resourceDirectory /home/luizyamaoka/workspace/sportaholic/sportaholic-core/src/main/resources
2015-01-25 01:51:49,010 [Worker-14] WARN  o.e.m.c.i.embedder.EclipseLogger - Using platform encoding (UTF-8 actually) to copy filtered resources, i.e. build is platform dependent!
2015-01-25 01:51:49,010 [Worker-14] INFO  o.e.m.c.i.embedder.EclipseLogger - skip non existing resourceDirectory /home/luizyamaoka/workspace/sportaholic/sportaholic-core/src/test/resources
2015-01-25 01:52:01,103 [Worker-23] WARN  o.e.m.c.i.embedder.EclipseLogger - Using platform encoding (UTF-8 actually) to copy filtered resources, i.e. build is platform dependent!
2015-01-25 01:52:01,107 [Worker-23] INFO  o.e.m.c.i.embedder.EclipseLogger - skip non existing resourceDirectory /home/luizyamaoka/workspace/sportaholic/sportaholic-core/src/main/resources
2015-01-25 01:52:01,109 [Worker-23] WARN  o.e.m.c.i.embedder.EclipseLogger - Using platform encoding (UTF-8 actually) to copy filtered resources, i.e. build is platform dependent!
2015-01-25 01:52:01,109 [Worker-23] INFO  o.e.m.c.i.embedder.EclipseLogger - skip non existing resourceDirectory /home/luizyamaoka/workspace/sportaholic/sportaholic-core/src/test/resources
2015-01-25 01:52:13,459 [Worker-22] WARN  o.e.m.c.i.embedder.EclipseLogger - Using platform encoding (UTF-8 actually) to copy filtered resources, i.e. build is platform dependent!
2015-01-25 01:52:13,464 [Worker-22] INFO  o.e.m.c.i.embedder.EclipseLogger - skip non existing resourceDirectory /home/luizyamaoka/workspace/sportaholic/sportaholic-core/src/main/resources
2015-01-25 01:52:13,465 [Worker-22] WARN  o.e.m.c.i.embedder.EclipseLogger - Using platform encoding (UTF-8 actually) to copy filtered resources, i.e. build is platform dependent!
2015-01-25 01:52:13,469 [Worker-22] INFO  o.e.m.c.i.embedder.EclipseLogger - skip non existing resourceDirectory /home/luizyamaoka/workspace/sportaholic/sportaholic-core/src/test/resources
2015-01-25 01:52:24,164 [Worker-19] WARN  o.e.m.c.i.embedder.EclipseLogger - Using platform encoding (UTF-8 actually) to copy filtered resources, i.e. build is platform dependent!
2015-01-25 01:52:24,165 [Worker-19] INFO  o.e.m.c.i.embedder.EclipseLogger - skip non existing resourceDirectory /home/luizyamaoka/workspace/sportaholic/sportaholic-core/src/main/resources
2015-01-25 01:52:24,177 [Worker-19] WARN  o.e.m.c.i.embedder.EclipseLogger - Using platform encoding (UTF-8 actually) to copy filtered resources, i.e. build is platform dependent!
2015-01-25 01:52:24,178 [Worker-19] INFO  o.e.m.c.i.embedder.EclipseLogger - skip non existing resourceDirectory /home/luizyamaoka/workspace/sportaholic/sportaholic-core/src/test/resources
2015-01-25 01:52:32,225 [Worker-20] WARN  o.e.m.c.i.embedder.EclipseLogger - Using platform encoding (UTF-8 actually) to copy filtered resources, i.e. build is platform dependent!
2015-01-25 01:52:32,237 [Worker-20] INFO  o.e.m.c.i.embedder.EclipseLogger - skip non existing resourceDirectory /home/luizyamaoka/workspace/sportaholic/sportaholic-core/src/main/resources
2015-01-25 01:52:32,259 [Worker-20] WARN  o.e.m.c.i.embedder.EclipseLogger - Using platform encoding (UTF-8 actually) to copy filtered resources, i.e. build is platform dependent!
2015-01-25 01:52:32,261 [Worker-20] INFO  o.e.m.c.i.embedder.EclipseLogger - skip non existing resourceDirectory /home/luizyamaoka/workspace/sportaholic/sportaholic-core/src/test/resources
2015-01-25 01:52:53,775 [Worker-21] WARN  o.e.m.c.i.embedder.EclipseLogger - Using platform encoding (UTF-8 actually) to copy filtered resources, i.e. build is platform dependent!
2015-01-25 01:52:53,781 [Worker-21] INFO  o.e.m.c.i.embedder.EclipseLogger - skip non existing resourceDirectory /home/luizyamaoka/workspace/sportaholic/sportaholic-core/src/main/resources
2015-01-25 01:52:53,783 [Worker-21] WARN  o.e.m.c.i.embedder.EclipseLogger - Using platform encoding (UTF-8 actually) to copy filtered resources, i.e. build is platform dependent!
2015-01-25 01:52:53,784 [Worker-21] INFO  o.e.m.c.i.embedder.EclipseLogger - skip non existing resourceDirectory /home/luizyamaoka/workspace/sportaholic/sportaholic-core/src/test/resources
2015-01-25 01:53:00,649 [Worker-19] WARN  o.e.m.c.i.embedder.EclipseLogger - Using platform encoding (UTF-8 actually) to copy filtered resources, i.e. build is platform dependent!
2015-01-25 01:53:00,649 [Worker-19] INFO  o.e.m.c.i.embedder.EclipseLogger - skip non existing resourceDirectory /home/luizyamaoka/workspace/sportaholic/sportaholic-core/src/main/resources
2015-01-25 01:53:00,650 [Worker-19] WARN  o.e.m.c.i.embedder.EclipseLogger - Using platform encoding (UTF-8 actually) to copy filtered resources, i.e. build is platform dependent!
2015-01-25 01:53:00,650 [Worker-19] INFO  o.e.m.c.i.embedder.EclipseLogger - skip non existing resourceDirectory /home/luizyamaoka/workspace/sportaholic/sportaholic-core/src/test/resources
2015-01-25 01:53:16,196 [Worker-19] WARN  o.e.m.c.i.embedder.EclipseLogger - Using platform encoding (UTF-8 actually) to copy filtered resources, i.e. build is platform dependent!
2015-01-25 01:53:16,203 [Worker-19] INFO  o.e.m.c.i.embedder.EclipseLogger - skip non existing resourceDirectory /home/luizyamaoka/workspace/sportaholic/sportaholic-core/src/main/resources
2015-01-25 01:53:16,204 [Worker-19] WARN  o.e.m.c.i.embedder.EclipseLogger - Using platform encoding (UTF-8 actually) to copy filtered resources, i.e. build is platform dependent!
2015-01-25 01:53:16,205 [Worker-19] INFO  o.e.m.c.i.embedder.EclipseLogger - skip non existing resourceDirectory /home/luizyamaoka/workspace/sportaholic/sportaholic-core/src/test/resources
2015-01-25 01:53:26,433 [Worker-21] WARN  o.e.m.c.i.embedder.EclipseLogger - Using platform encoding (UTF-8 actually) to copy filtered resources, i.e. build is platform dependent!
2015-01-25 01:53:26,435 [Worker-21] INFO  o.e.m.c.i.embedder.EclipseLogger - skip non existing resourceDirectory /home/luizyamaoka/workspace/sportaholic/sportaholic-core/src/main/resources
2015-01-25 01:53:26,436 [Worker-21] WARN  o.e.m.c.i.embedder.EclipseLogger - Using platform encoding (UTF-8 actually) to copy filtered resources, i.e. build is platform dependent!
2015-01-25 01:53:26,437 [Worker-21] INFO  o.e.m.c.i.embedder.EclipseLogger - skip non existing resourceDirectory /home/luizyamaoka/workspace/sportaholic/sportaholic-core/src/test/resources
2015-01-25 01:53:28,719 [Worker-21] WARN  o.e.m.c.i.embedder.EclipseLogger - Using platform encoding (UTF-8 actually) to copy filtered resources, i.e. build is platform dependent!
2015-01-25 01:53:28,724 [Worker-21] INFO  o.e.m.c.i.embedder.EclipseLogger - skip non existing resourceDirectory /home/luizyamaoka/workspace/sportaholic/sportaholic-core/src/main/resources
2015-01-25 01:53:28,732 [Worker-21] WARN  o.e.m.c.i.embedder.EclipseLogger - Using platform encoding (UTF-8 actually) to copy filtered resources, i.e. build is platform dependent!
2015-01-25 01:53:28,733 [Worker-21] INFO  o.e.m.c.i.embedder.EclipseLogger - skip non existing resourceDirectory /home/luizyamaoka/workspace/sportaholic/sportaholic-core/src/test/resources
2015-01-25 01:53:35,864 [Worker-19] WARN  o.e.m.c.i.embedder.EclipseLogger - Using platform encoding (UTF-8 actually) to copy filtered resources, i.e. build is platform dependent!
2015-01-25 01:53:35,864 [Worker-19] INFO  o.e.m.c.i.embedder.EclipseLogger - skip non existing resourceDirectory /home/luizyamaoka/workspace/sportaholic/sportaholic-core/src/main/resources
2015-01-25 01:53:35,865 [Worker-19] WARN  o.e.m.c.i.embedder.EclipseLogger - Using platform encoding (UTF-8 actually) to copy filtered resources, i.e. build is platform dependent!
2015-01-25 01:53:35,865 [Worker-19] INFO  o.e.m.c.i.embedder.EclipseLogger - skip non existing resourceDirectory /home/luizyamaoka/workspace/sportaholic/sportaholic-core/src/test/resources
2015-01-25 01:53:43,464 [Worker-12] WARN  o.e.m.c.i.embedder.EclipseLogger - Using platform encoding (UTF-8 actually) to copy filtered resources, i.e. build is platform dependent!
2015-01-25 01:53:43,465 [Worker-12] INFO  o.e.m.c.i.embedder.EclipseLogger - skip non existing resourceDirectory /home/luizyamaoka/workspace/sportaholic/sportaholic-core/src/main/resources
2015-01-25 01:53:43,466 [Worker-12] WARN  o.e.m.c.i.embedder.EclipseLogger - Using platform encoding (UTF-8 actually) to copy filtered resources, i.e. build is platform dependent!
2015-01-25 01:53:43,469 [Worker-12] INFO  o.e.m.c.i.embedder.EclipseLogger - skip non existing resourceDirectory /home/luizyamaoka/workspace/sportaholic/sportaholic-core/src/test/resources
2015-01-25 01:53:49,612 [Worker-21] WARN  o.e.m.c.i.embedder.EclipseLogger - Using platform encoding (UTF-8 actually) to copy filtered resources, i.e. build is platform dependent!
2015-01-25 01:53:49,619 [Worker-21] INFO  o.e.m.c.i.embedder.EclipseLogger - skip non existing resourceDirectory /home/luizyamaoka/workspace/sportaholic/sportaholic-core/src/main/resources
2015-01-25 01:53:49,621 [Worker-21] WARN  o.e.m.c.i.embedder.EclipseLogger - Using platform encoding (UTF-8 actually) to copy filtered resources, i.e. build is platform dependent!
2015-01-25 01:53:49,625 [Worker-21] INFO  o.e.m.c.i.embedder.EclipseLogger - skip non existing resourceDirectory /home/luizyamaoka/workspace/sportaholic/sportaholic-core/src/test/resources
2015-01-25 01:53:57,321 [Worker-24] WARN  o.e.m.c.i.embedder.EclipseLogger - Using platform encoding (UTF-8 actually) to copy filtered resources, i.e. build is platform dependent!
2015-01-25 01:53:57,333 [Worker-24] INFO  o.e.m.c.i.embedder.EclipseLogger - skip non existing resourceDirectory /home/luizyamaoka/workspace/sportaholic/sportaholic-core/src/main/resources
2015-01-25 01:53:57,335 [Worker-24] WARN  o.e.m.c.i.embedder.EclipseLogger - Using platform encoding (UTF-8 actually) to copy filtered resources, i.e. build is platform dependent!
2015-01-25 01:53:57,352 [Worker-24] INFO  o.e.m.c.i.embedder.EclipseLogger - skip non existing resourceDirectory /home/luizyamaoka/workspace/sportaholic/sportaholic-core/src/test/resources
2015-01-25 01:54:03,334 [Worker-12] WARN  o.e.m.c.i.embedder.EclipseLogger - Using platform encoding (UTF-8 actually) to copy filtered resources, i.e. build is platform dependent!
2015-01-25 01:54:03,335 [Worker-12] INFO  o.e.m.c.i.embedder.EclipseLogger - skip non existing resourceDirectory /home/luizyamaoka/workspace/sportaholic/sportaholic-core/src/main/resources
2015-01-25 01:54:03,336 [Worker-12] WARN  o.e.m.c.i.embedder.EclipseLogger - Using platform encoding (UTF-8 actually) to copy filtered resources, i.e. build is platform dependent!
2015-01-25 01:54:03,336 [Worker-12] INFO  o.e.m.c.i.embedder.EclipseLogger - skip non existing resourceDirectory /home/luizyamaoka/workspace/sportaholic/sportaholic-core/src/test/resources
2015-01-25 01:54:42,127 [Worker-12] WARN  o.e.m.c.i.embedder.EclipseLogger - Using platform encoding (UTF-8 actually) to copy filtered resources, i.e. build is platform dependent!
2015-01-25 01:54:42,128 [Worker-12] INFO  o.e.m.c.i.embedder.EclipseLogger - skip non existing resourceDirectory /home/luizyamaoka/workspace/sportaholic/sportaholic-core/src/main/resources
2015-01-25 01:54:42,129 [Worker-12] WARN  o.e.m.c.i.embedder.EclipseLogger - Using platform encoding (UTF-8 actually) to copy filtered resources, i.e. build is platform dependent!
2015-01-25 01:54:42,129 [Worker-12] INFO  o.e.m.c.i.embedder.EclipseLogger - skip non existing resourceDirectory /home/luizyamaoka/workspace/sportaholic/sportaholic-core/src/test/resources
2015-01-25 01:54:49,315 [Worker-14] WARN  o.e.m.c.i.embedder.EclipseLogger - Using platform encoding (UTF-8 actually) to copy filtered resources, i.e. build is platform dependent!
2015-01-25 01:54:49,317 [Worker-14] INFO  o.e.m.c.i.embedder.EclipseLogger - skip non existing resourceDirectory /home/luizyamaoka/workspace/sportaholic/sportaholic-core/src/main/resources
2015-01-25 01:54:49,318 [Worker-14] WARN  o.e.m.c.i.embedder.EclipseLogger - Using platform encoding (UTF-8 actually) to copy filtered resources, i.e. build is platform dependent!
2015-01-25 01:54:49,322 [Worker-14] INFO  o.e.m.c.i.embedder.EclipseLogger - skip non existing resourceDirectory /home/luizyamaoka/workspace/sportaholic/sportaholic-core/src/test/resources
2015-01-25 01:54:59,587 [Worker-20] WARN  o.e.m.c.i.embedder.EclipseLogger - Using platform encoding (UTF-8 actually) to copy filtered resources, i.e. build is platform dependent!
2015-01-25 01:54:59,590 [Worker-20] INFO  o.e.m.c.i.embedder.EclipseLogger - skip non existing resourceDirectory /home/luizyamaoka/workspace/sportaholic/sportaholic-core/src/main/resources
2015-01-25 01:54:59,591 [Worker-20] WARN  o.e.m.c.i.embedder.EclipseLogger - Using platform encoding (UTF-8 actually) to copy filtered resources, i.e. build is platform dependent!
2015-01-25 01:54:59,593 [Worker-20] INFO  o.e.m.c.i.embedder.EclipseLogger - skip non existing resourceDirectory /home/luizyamaoka/workspace/sportaholic/sportaholic-core/src/test/resources
2015-01-25 01:55:07,035 [Worker-19] WARN  o.e.m.c.i.embedder.EclipseLogger - Using platform encoding (UTF-8 actually) to copy filtered resources, i.e. build is platform dependent!
2015-01-25 01:55:07,053 [Worker-19] INFO  o.e.m.c.i.embedder.EclipseLogger - skip non existing resourceDirectory /home/luizyamaoka/workspace/sportaholic/sportaholic-core/src/main/resources
2015-01-25 01:55:07,060 [Worker-19] WARN  o.e.m.c.i.embedder.EclipseLogger - Using platform encoding (UTF-8 actually) to copy filtered resources, i.e. build is platform dependent!
2015-01-25 01:55:07,061 [Worker-19] INFO  o.e.m.c.i.embedder.EclipseLogger - skip non existing resourceDirectory /home/luizyamaoka/workspace/sportaholic/sportaholic-core/src/test/resources
2015-01-25 01:55:13,394 [Worker-14] WARN  o.e.m.c.i.embedder.EclipseLogger - Using platform encoding (UTF-8 actually) to copy filtered resources, i.e. build is platform dependent!
2015-01-25 01:55:13,394 [Worker-14] INFO  o.e.m.c.i.embedder.EclipseLogger - skip non existing resourceDirectory /home/luizyamaoka/workspace/sportaholic/sportaholic-core/src/main/resources
2015-01-25 01:55:13,395 [Worker-14] WARN  o.e.m.c.i.embedder.EclipseLogger - Using platform encoding (UTF-8 actually) to copy filtered resources, i.e. build is platform dependent!
2015-01-25 01:55:13,395 [Worker-14] INFO  o.e.m.c.i.embedder.EclipseLogger - skip non existing resourceDirectory /home/luizyamaoka/workspace/sportaholic/sportaholic-core/src/test/resources
2015-01-25 01:55:18,587 [Worker-12] WARN  o.e.m.c.i.embedder.EclipseLogger - Using platform encoding (UTF-8 actually) to copy filtered resources, i.e. build is platform dependent!
2015-01-25 01:55:18,610 [Worker-12] INFO  o.e.m.c.i.embedder.EclipseLogger - skip non existing resourceDirectory /home/luizyamaoka/workspace/sportaholic/sportaholic-core/src/main/resources
2015-01-25 01:55:18,611 [Worker-12] WARN  o.e.m.c.i.embedder.EclipseLogger - Using platform encoding (UTF-8 actually) to copy filtered resources, i.e. build is platform dependent!
2015-01-25 01:55:18,625 [Worker-12] INFO  o.e.m.c.i.embedder.EclipseLogger - skip non existing resourceDirectory /home/luizyamaoka/workspace/sportaholic/sportaholic-core/src/test/resources
2015-01-25 01:55:24,177 [Worker-22] WARN  o.e.m.c.i.embedder.EclipseLogger - Using platform encoding (UTF-8 actually) to copy filtered resources, i.e. build is platform dependent!
2015-01-25 01:55:24,177 [Worker-22] INFO  o.e.m.c.i.embedder.EclipseLogger - skip non existing resourceDirectory /home/luizyamaoka/workspace/sportaholic/sportaholic-core/src/main/resources
2015-01-25 01:55:24,194 [Worker-22] WARN  o.e.m.c.i.embedder.EclipseLogger - Using platform encoding (UTF-8 actually) to copy filtered resources, i.e. build is platform dependent!
2015-01-25 01:55:24,211 [Worker-22] INFO  o.e.m.c.i.embedder.EclipseLogger - skip non existing resourceDirectory /home/luizyamaoka/workspace/sportaholic/sportaholic-core/src/test/resources
